{"/Users/chang/Desktop/github_repo/makers_academy/02_makers_exercises/08_bank_tech_test/lib/accountModel.js": {"path":"/Users/chang/Desktop/github_repo/makers_academy/02_makers_exercises/08_bank_tech_test/lib/accountModel.js","statementMap":{"0":{"start":{"line":1,"column":20},"end":{"line":1,"column":44}},"1":{"start":{"line":6,"column":4},"end":{"line":6,"column":21}},"2":{"start":{"line":7,"column":4},"end":{"line":7,"column":27}},"3":{"start":{"line":11,"column":4},"end":{"line":11,"column":24}},"4":{"start":{"line":15,"column":4},"end":{"line":15,"column":29}},"5":{"start":{"line":19,"column":4},"end":{"line":19,"column":40}},"6":{"start":{"line":19,"column":34},"end":{"line":19,"column":40}},"7":{"start":{"line":20,"column":24},"end":{"line":20,"column":41}},"8":{"start":{"line":21,"column":4},"end":{"line":21,"column":47}},"9":{"start":{"line":21,"column":20},"end":{"line":21,"column":47}},"10":{"start":{"line":22,"column":4},"end":{"line":22,"column":47}},"11":{"start":{"line":22,"column":20},"end":{"line":22,"column":47}},"12":{"start":{"line":23,"column":4},"end":{"line":23,"column":39}},"13":{"start":{"line":27,"column":4},"end":{"line":27,"column":47}},"14":{"start":{"line":27,"column":36},"end":{"line":27,"column":47}},"15":{"start":{"line":28,"column":4},"end":{"line":28,"column":33}},"16":{"start":{"line":28,"column":22},"end":{"line":28,"column":33}},"17":{"start":{"line":29,"column":4},"end":{"line":29,"column":16}},"18":{"start":{"line":33,"column":0},"end":{"line":33,"column":29}}},"fnMap":{"0":{"name":"(anonymous_0)","decl":{"start":{"line":5,"column":2},"end":{"line":5,"column":3}},"loc":{"start":{"line":5,"column":17},"end":{"line":8,"column":3}},"line":5},"1":{"name":"(anonymous_1)","decl":{"start":{"line":10,"column":2},"end":{"line":10,"column":3}},"loc":{"start":{"line":10,"column":17},"end":{"line":12,"column":3}},"line":10},"2":{"name":"(anonymous_2)","decl":{"start":{"line":14,"column":2},"end":{"line":14,"column":3}},"loc":{"start":{"line":14,"column":22},"end":{"line":16,"column":3}},"line":14},"3":{"name":"(anonymous_3)","decl":{"start":{"line":18,"column":2},"end":{"line":18,"column":3}},"loc":{"start":{"line":18,"column":26},"end":{"line":24,"column":3}},"line":18}},"branchMap":{"0":{"loc":{"start":{"line":19,"column":4},"end":{"line":19,"column":40}},"type":"if","locations":[{"start":{"line":19,"column":4},"end":{"line":19,"column":40}},{"start":{},"end":{}}],"line":19},"1":{"loc":{"start":{"line":21,"column":4},"end":{"line":21,"column":47}},"type":"if","locations":[{"start":{"line":21,"column":4},"end":{"line":21,"column":47}},{"start":{},"end":{}}],"line":21},"2":{"loc":{"start":{"line":22,"column":4},"end":{"line":22,"column":47}},"type":"if","locations":[{"start":{"line":22,"column":4},"end":{"line":22,"column":47}},{"start":{},"end":{}}],"line":22},"3":{"loc":{"start":{"line":27,"column":4},"end":{"line":27,"column":47}},"type":"if","locations":[{"start":{"line":27,"column":4},"end":{"line":27,"column":47}},{"start":{},"end":{}}],"line":27},"4":{"loc":{"start":{"line":28,"column":4},"end":{"line":28,"column":33}},"type":"if","locations":[{"start":{"line":28,"column":4},"end":{"line":28,"column":33}},{"start":{},"end":{}}],"line":28}},"s":{"0":1,"1":9,"2":9,"3":1,"4":14,"5":7,"6":3,"7":4,"8":4,"9":2,"10":4,"11":2,"12":4,"13":7,"14":2,"15":5,"16":1,"17":4,"18":1},"f":{"0":9,"1":1,"2":14,"3":7},"b":{"0":[3,4],"1":[2,2],"2":[2,2],"3":[2,5],"4":[1,4]},"_coverageSchema":"1a1c01bbd47fc00a2c39e90264f33305004495a9","hash":"129eb7251dd5d5926ef6aa5e7e024ad673ee072c"}
,"/Users/chang/Desktop/github_repo/makers_academy/02_makers_exercises/08_bank_tech_test/lib/transaction.js": {"path":"/Users/chang/Desktop/github_repo/makers_academy/02_makers_exercises/08_bank_tech_test/lib/transaction.js","statementMap":{"0":{"start":{"line":5,"column":4},"end":{"line":5,"column":27}},"1":{"start":{"line":6,"column":4},"end":{"line":6,"column":20}},"2":{"start":{"line":7,"column":4},"end":{"line":7,"column":19}},"3":{"start":{"line":11,"column":4},"end":{"line":11,"column":21}},"4":{"start":{"line":15,"column":4},"end":{"line":15,"column":23}},"5":{"start":{"line":19,"column":4},"end":{"line":19,"column":22}},"6":{"start":{"line":23,"column":4},"end":{"line":23,"column":25}},"7":{"start":{"line":27,"column":4},"end":{"line":27,"column":24}},"8":{"start":{"line":31,"column":0},"end":{"line":31,"column":28}}},"fnMap":{"0":{"name":"(anonymous_0)","decl":{"start":{"line":4,"column":2},"end":{"line":4,"column":3}},"loc":{"start":{"line":4,"column":17},"end":{"line":8,"column":3}},"line":4},"1":{"name":"(anonymous_1)","decl":{"start":{"line":10,"column":2},"end":{"line":10,"column":3}},"loc":{"start":{"line":10,"column":13},"end":{"line":12,"column":3}},"line":10},"2":{"name":"(anonymous_2)","decl":{"start":{"line":14,"column":2},"end":{"line":14,"column":3}},"loc":{"start":{"line":14,"column":15},"end":{"line":16,"column":3}},"line":14},"3":{"name":"(anonymous_3)","decl":{"start":{"line":18,"column":2},"end":{"line":18,"column":3}},"loc":{"start":{"line":18,"column":14},"end":{"line":20,"column":3}},"line":18},"4":{"name":"(anonymous_4)","decl":{"start":{"line":22,"column":2},"end":{"line":22,"column":3}},"loc":{"start":{"line":22,"column":22},"end":{"line":24,"column":3}},"line":22},"5":{"name":"(anonymous_5)","decl":{"start":{"line":26,"column":2},"end":{"line":26,"column":3}},"loc":{"start":{"line":26,"column":21},"end":{"line":28,"column":3}},"line":26}},"branchMap":{},"s":{"0":6,"1":6,"2":6,"3":1,"4":2,"5":2,"6":1,"7":1,"8":2},"f":{"0":6,"1":1,"2":2,"3":2,"4":1,"5":1},"b":{},"_coverageSchema":"1a1c01bbd47fc00a2c39e90264f33305004495a9","hash":"5ef5f1a8eaf2cf17359ef257f93c8d4dffbaa2a1"}
}
