{"/Users/chang/Desktop/github_repo/makers_academy/02_makers_exercises/08_bank_tech_test/lib/accountController.js": {"path":"/Users/chang/Desktop/github_repo/makers_academy/02_makers_exercises/08_bank_tech_test/lib/accountController.js","statementMap":{"0":{"start":{"line":1,"column":20},"end":{"line":1,"column":44}},"1":{"start":{"line":5,"column":4},"end":{"line":5,"column":33}},"2":{"start":{"line":6,"column":4},"end":{"line":6,"column":22}},"3":{"start":{"line":10,"column":4},"end":{"line":10,"column":37}},"4":{"start":{"line":14,"column":4},"end":{"line":14,"column":38}},"5":{"start":{"line":18,"column":0},"end":{"line":18,"column":34}}},"fnMap":{"0":{"name":"(anonymous_0)","decl":{"start":{"line":4,"column":2},"end":{"line":4,"column":3}},"loc":{"start":{"line":4,"column":21},"end":{"line":7,"column":3}},"line":4},"1":{"name":"(anonymous_1)","decl":{"start":{"line":9,"column":2},"end":{"line":9,"column":3}},"loc":{"start":{"line":9,"column":18},"end":{"line":11,"column":3}},"line":9},"2":{"name":"(anonymous_2)","decl":{"start":{"line":13,"column":2},"end":{"line":13,"column":3}},"loc":{"start":{"line":13,"column":19},"end":{"line":15,"column":3}},"line":13}},"branchMap":{},"s":{"0":1,"1":4,"2":4,"3":1,"4":1,"5":1},"f":{"0":4,"1":1,"2":1},"b":{},"_coverageSchema":"1a1c01bbd47fc00a2c39e90264f33305004495a9","hash":"28607033451a2efec08340264a42f23caeabdede"}
,"/Users/chang/Desktop/github_repo/makers_academy/02_makers_exercises/08_bank_tech_test/lib/accountModel.js": {"path":"/Users/chang/Desktop/github_repo/makers_academy/02_makers_exercises/08_bank_tech_test/lib/accountModel.js","statementMap":{"0":{"start":{"line":1,"column":20},"end":{"line":1,"column":44}},"1":{"start":{"line":7,"column":4},"end":{"line":7,"column":21}},"2":{"start":{"line":8,"column":4},"end":{"line":8,"column":27}},"3":{"start":{"line":11,"column":19},"end":{"line":11,"column":39}},"4":{"start":{"line":13,"column":24},"end":{"line":13,"column":49}},"5":{"start":{"line":16,"column":4},"end":{"line":16,"column":40}},"6":{"start":{"line":16,"column":34},"end":{"line":16,"column":40}},"7":{"start":{"line":17,"column":24},"end":{"line":17,"column":41}},"8":{"start":{"line":18,"column":4},"end":{"line":18,"column":47}},"9":{"start":{"line":18,"column":20},"end":{"line":18,"column":47}},"10":{"start":{"line":19,"column":4},"end":{"line":19,"column":47}},"11":{"start":{"line":19,"column":20},"end":{"line":19,"column":47}},"12":{"start":{"line":20,"column":4},"end":{"line":20,"column":39}},"13":{"start":{"line":24,"column":4},"end":{"line":26,"column":21}},"14":{"start":{"line":24,"column":36},"end":{"line":24,"column":47}},"15":{"start":{"line":25,"column":9},"end":{"line":26,"column":21}},"16":{"start":{"line":25,"column":27},"end":{"line":25,"column":38}},"17":{"start":{"line":26,"column":9},"end":{"line":26,"column":21}},"18":{"start":{"line":30,"column":0},"end":{"line":30,"column":29}}},"fnMap":{"0":{"name":"(anonymous_0)","decl":{"start":{"line":6,"column":2},"end":{"line":6,"column":3}},"loc":{"start":{"line":6,"column":17},"end":{"line":9,"column":3}},"line":6},"1":{"name":"(anonymous_1)","decl":{"start":{"line":11,"column":2},"end":{"line":11,"column":3}},"loc":{"start":{"line":11,"column":17},"end":{"line":11,"column":41}},"line":11},"2":{"name":"(anonymous_2)","decl":{"start":{"line":13,"column":2},"end":{"line":13,"column":3}},"loc":{"start":{"line":13,"column":22},"end":{"line":13,"column":51}},"line":13},"3":{"name":"(anonymous_3)","decl":{"start":{"line":15,"column":2},"end":{"line":15,"column":3}},"loc":{"start":{"line":15,"column":26},"end":{"line":21,"column":3}},"line":15}},"branchMap":{"0":{"loc":{"start":{"line":16,"column":4},"end":{"line":16,"column":40}},"type":"if","locations":[{"start":{"line":16,"column":4},"end":{"line":16,"column":40}},{"start":{},"end":{}}],"line":16},"1":{"loc":{"start":{"line":18,"column":4},"end":{"line":18,"column":47}},"type":"if","locations":[{"start":{"line":18,"column":4},"end":{"line":18,"column":47}},{"start":{},"end":{}}],"line":18},"2":{"loc":{"start":{"line":19,"column":4},"end":{"line":19,"column":47}},"type":"if","locations":[{"start":{"line":19,"column":4},"end":{"line":19,"column":47}},{"start":{},"end":{}}],"line":19},"3":{"loc":{"start":{"line":24,"column":4},"end":{"line":26,"column":21}},"type":"if","locations":[{"start":{"line":24,"column":4},"end":{"line":26,"column":21}},{"start":{"line":25,"column":9},"end":{"line":26,"column":21}}],"line":24},"4":{"loc":{"start":{"line":25,"column":9},"end":{"line":26,"column":21}},"type":"if","locations":[{"start":{"line":25,"column":9},"end":{"line":26,"column":21}},{"start":{"line":26,"column":9},"end":{"line":26,"column":21}}],"line":25}},"s":{"0":2,"1":13,"2":13,"3":1,"4":20,"5":9,"6":3,"7":6,"8":6,"9":3,"10":6,"11":3,"12":6,"13":9,"14":2,"15":7,"16":1,"17":6,"18":2},"f":{"0":13,"1":1,"2":20,"3":9},"b":{"0":[3,6],"1":[3,3],"2":[3,3],"3":[2,7],"4":[1,6]},"_coverageSchema":"1a1c01bbd47fc00a2c39e90264f33305004495a9","hash":"51ab46c65143227f9e67fd3dd6974cb9a15a8720"}
,"/Users/chang/Desktop/github_repo/makers_academy/02_makers_exercises/08_bank_tech_test/lib/accountView.js": {"path":"/Users/chang/Desktop/github_repo/makers_academy/02_makers_exercises/08_bank_tech_test/lib/accountView.js","statementMap":{"0":{"start":{"line":1,"column":24},"end":{"line":1,"column":48}},"1":{"start":{"line":6,"column":22},"end":{"line":6,"column":62}},"2":{"start":{"line":7,"column":4},"end":{"line":7,"column":64}},"3":{"start":{"line":7,"column":39},"end":{"line":7,"column":63}},"4":{"start":{"line":11,"column":0},"end":{"line":11,"column":79}},"5":{"start":{"line":12,"column":0},"end":{"line":12,"column":71}},"6":{"start":{"line":13,"column":0},"end":{"line":13,"column":57}},"7":{"start":{"line":14,"column":0},"end":{"line":14,"column":61}},"8":{"start":{"line":15,"column":0},"end":{"line":15,"column":69}},"9":{"start":{"line":17,"column":0},"end":{"line":17,"column":28}}},"fnMap":{"0":{"name":"(anonymous_0)","decl":{"start":{"line":5,"column":2},"end":{"line":5,"column":3}},"loc":{"start":{"line":5,"column":32},"end":{"line":8,"column":3}},"line":5},"1":{"name":"(anonymous_1)","decl":{"start":{"line":7,"column":22},"end":{"line":7,"column":23}},"loc":{"start":{"line":7,"column":39},"end":{"line":7,"column":63}},"line":7}},"branchMap":{},"s":{"0":2,"1":8,"2":8,"3":10,"4":2,"5":2,"6":2,"7":2,"8":2,"9":2},"f":{"0":8,"1":10},"b":{},"_coverageSchema":"1a1c01bbd47fc00a2c39e90264f33305004495a9","hash":"8fd0c2566e37e64e11eeeea6356936ec3d20d0ed"}
,"/Users/chang/Desktop/github_repo/makers_academy/02_makers_exercises/08_bank_tech_test/lib/transaction.js": {"path":"/Users/chang/Desktop/github_repo/makers_academy/02_makers_exercises/08_bank_tech_test/lib/transaction.js","statementMap":{"0":{"start":{"line":5,"column":4},"end":{"line":5,"column":27}},"1":{"start":{"line":6,"column":4},"end":{"line":6,"column":20}},"2":{"start":{"line":7,"column":4},"end":{"line":7,"column":19}},"3":{"start":{"line":10,"column":16},"end":{"line":10,"column":33}},"4":{"start":{"line":12,"column":18},"end":{"line":12,"column":37}},"5":{"start":{"line":14,"column":17},"end":{"line":14,"column":35}},"6":{"start":{"line":17,"column":4},"end":{"line":17,"column":25}},"7":{"start":{"line":21,"column":4},"end":{"line":21,"column":24}},"8":{"start":{"line":25,"column":0},"end":{"line":25,"column":28}}},"fnMap":{"0":{"name":"(anonymous_0)","decl":{"start":{"line":4,"column":2},"end":{"line":4,"column":3}},"loc":{"start":{"line":4,"column":17},"end":{"line":8,"column":3}},"line":4},"1":{"name":"(anonymous_1)","decl":{"start":{"line":10,"column":2},"end":{"line":10,"column":3}},"loc":{"start":{"line":10,"column":14},"end":{"line":10,"column":35}},"line":10},"2":{"name":"(anonymous_2)","decl":{"start":{"line":12,"column":2},"end":{"line":12,"column":3}},"loc":{"start":{"line":12,"column":16},"end":{"line":12,"column":39}},"line":12},"3":{"name":"(anonymous_3)","decl":{"start":{"line":14,"column":2},"end":{"line":14,"column":3}},"loc":{"start":{"line":14,"column":15},"end":{"line":14,"column":37}},"line":14},"4":{"name":"(anonymous_4)","decl":{"start":{"line":16,"column":2},"end":{"line":16,"column":3}},"loc":{"start":{"line":16,"column":22},"end":{"line":18,"column":3}},"line":16},"5":{"name":"(anonymous_5)","decl":{"start":{"line":20,"column":2},"end":{"line":20,"column":3}},"loc":{"start":{"line":20,"column":21},"end":{"line":22,"column":3}},"line":20}},"branchMap":{},"s":{"0":8,"1":8,"2":8,"3":1,"4":3,"5":3,"6":2,"7":2,"8":3},"f":{"0":8,"1":1,"2":3,"3":3,"4":2,"5":2},"b":{},"_coverageSchema":"1a1c01bbd47fc00a2c39e90264f33305004495a9","hash":"e3cc69d8687589ab3b1123d776fcac4147089860"}
,"/Users/chang/Desktop/github_repo/makers_academy/02_makers_exercises/08_bank_tech_test/lib/viewHelpers.js": {"path":"/Users/chang/Desktop/github_repo/makers_academy/02_makers_exercises/08_bank_tech_test/lib/viewHelpers.js","statementMap":{"0":{"start":{"line":1,"column":20},"end":{"line":32,"column":1}},"1":{"start":{"line":3,"column":4},"end":{"line":6,"column":16}},"2":{"start":{"line":4,"column":6},"end":{"line":4,"column":69}},"3":{"start":{"line":10,"column":17},"end":{"line":10,"column":57}},"4":{"start":{"line":11,"column":19},"end":{"line":11,"column":63}},"5":{"start":{"line":12,"column":18},"end":{"line":12,"column":61}},"6":{"start":{"line":13,"column":20},"end":{"line":13,"column":75}},"7":{"start":{"line":15,"column":4},"end":{"line":15,"column":59}},"8":{"start":{"line":19,"column":19},"end":{"line":19,"column":72}},"9":{"start":{"line":20,"column":4},"end":{"line":20,"column":51}},"10":{"start":{"line":24,"column":4},"end":{"line":24,"column":31}},"11":{"start":{"line":24,"column":22},"end":{"line":24,"column":31}},"12":{"start":{"line":25,"column":4},"end":{"line":25,"column":28}},"13":{"start":{"line":29,"column":4},"end":{"line":29,"column":66}},"14":{"start":{"line":30,"column":4},"end":{"line":30,"column":42}},"15":{"start":{"line":34,"column":0},"end":{"line":34,"column":32}}},"fnMap":{"0":{"name":"(anonymous_0)","decl":{"start":{"line":2,"column":25},"end":{"line":2,"column":26}},"loc":{"start":{"line":2,"column":43},"end":{"line":7,"column":3}},"line":2},"1":{"name":"(anonymous_1)","decl":{"start":{"line":3,"column":41},"end":{"line":3,"column":42}},"loc":{"start":{"line":3,"column":58},"end":{"line":5,"column":5}},"line":3},"2":{"name":"(anonymous_2)","decl":{"start":{"line":9,"column":21},"end":{"line":9,"column":22}},"loc":{"start":{"line":9,"column":52},"end":{"line":16,"column":3}},"line":9},"3":{"name":"(anonymous_3)","decl":{"start":{"line":18,"column":14},"end":{"line":18,"column":15}},"loc":{"start":{"line":18,"column":24},"end":{"line":21,"column":3}},"line":18},"4":{"name":"(anonymous_4)","decl":{"start":{"line":23,"column":16},"end":{"line":23,"column":17}},"loc":{"start":{"line":23,"column":28},"end":{"line":26,"column":3}},"line":23},"5":{"name":"(anonymous_5)","decl":{"start":{"line":28,"column":20},"end":{"line":28,"column":21}},"loc":{"start":{"line":28,"column":51},"end":{"line":31,"column":3}},"line":28}},"branchMap":{"0":{"loc":{"start":{"line":24,"column":4},"end":{"line":24,"column":31}},"type":"if","locations":[{"start":{"line":24,"column":4},"end":{"line":24,"column":31}},{"start":{},"end":{}}],"line":24}},"s":{"0":2,"1":8,"2":10,"3":10,"4":10,"5":10,"6":10,"7":10,"8":10,"9":10,"10":20,"11":10,"12":10,"13":10,"14":10,"15":2},"f":{"0":8,"1":10,"2":10,"3":10,"4":20,"5":10},"b":{"0":[10,10]},"_coverageSchema":"1a1c01bbd47fc00a2c39e90264f33305004495a9","hash":"d35a979f32db2d156de3f86f3554af5e47f4a0b9"}
}
