TN:
SF:lib/accountController.js
FN:4,(anonymous_0)
FN:9,(anonymous_1)
FN:13,(anonymous_2)
FN:17,(anonymous_3)
FNF:4
FNH:4
FNDA:5,(anonymous_0)
FNDA:2,(anonymous_1)
FNDA:2,(anonymous_2)
FNDA:1,(anonymous_3)
DA:1,1
DA:5,5
DA:6,5
DA:10,2
DA:14,2
DA:18,1
DA:22,1
LF:7
LH:7
BRF:0
BRH:0
end_of_record
TN:
SF:lib/accountModel.js
FN:6,(anonymous_0)
FN:11,(anonymous_1)
FN:13,(anonymous_2)
FN:15,(anonymous_3)
FN:17,(anonymous_4)
FNF:5
FNH:5
FNDA:14,(anonymous_0)
FNDA:5,(anonymous_1)
FNDA:2,(anonymous_2)
FNDA:23,(anonymous_3)
FNDA:11,(anonymous_4)
DA:1,2
DA:7,14
DA:8,14
DA:11,5
DA:13,2
DA:15,23
DA:18,11
DA:20,8
DA:21,8
DA:22,8
DA:24,8
DA:28,11
DA:29,9
DA:30,8
DA:34,2
LF:15
LH:15
BRDA:18,0,0,3
BRDA:18,0,1,8
BRDA:21,1,0,4
BRDA:21,1,1,4
BRDA:22,2,0,4
BRDA:22,2,1,4
BRDA:28,3,0,2
BRDA:28,3,1,9
BRDA:29,4,0,1
BRDA:29,4,1,8
BRF:10
BRH:10
end_of_record
TN:
SF:lib/accountView.js
FN:4,(anonymous_0)
FN:7,(anonymous_1)
FNF:2
FNH:2
FNDA:10,(anonymous_0)
FNDA:12,(anonymous_1)
DA:1,2
DA:5,10
DA:6,10
DA:7,10
DA:8,12
DA:10,10
DA:14,2
DA:15,2
DA:16,2
DA:17,2
DA:18,2
DA:20,2
LF:12
LH:12
BRF:0
BRH:0
end_of_record
TN:
SF:lib/transaction.js
FN:4,(anonymous_0)
FN:10,(anonymous_1)
FN:12,(anonymous_2)
FN:14,(anonymous_3)
FN:16,(anonymous_4)
FN:20,(anonymous_5)
FNF:6
FNH:6
FNDA:10,(anonymous_0)
FNDA:3,(anonymous_1)
FNDA:7,(anonymous_2)
FNDA:7,(anonymous_3)
FNDA:3,(anonymous_4)
FNDA:3,(anonymous_5)
DA:5,10
DA:6,10
DA:7,10
DA:10,3
DA:12,7
DA:14,7
DA:17,3
DA:21,3
DA:25,3
LF:9
LH:9
BRF:0
BRH:0
end_of_record
TN:
SF:lib/viewHelpers.js
FN:2,(anonymous_0)
FN:3,(anonymous_1)
FN:8,(anonymous_2)
FN:17,(anonymous_3)
FN:22,(anonymous_4)
FN:27,(anonymous_5)
FNF:6
FNH:6
FNDA:10,(anonymous_0)
FNDA:12,(anonymous_1)
FNDA:12,(anonymous_2)
FNDA:12,(anonymous_3)
FNDA:24,(anonymous_4)
FNDA:12,(anonymous_5)
DA:1,2
DA:3,10
DA:4,12
DA:9,12
DA:10,12
DA:11,12
DA:12,12
DA:14,12
DA:18,12
DA:19,12
DA:23,24
DA:24,12
DA:28,12
DA:29,12
DA:33,2
LF:15
LH:15
BRDA:23,0,0,12
BRDA:23,0,1,12
BRF:2
BRH:2
end_of_record
