TN:
SF:lib/accountModel.js
FN:5,(anonymous_0)
FN:10,(anonymous_1)
FN:14,(anonymous_2)
FN:18,(anonymous_3)
FNF:4
FNH:4
FNDA:9,(anonymous_0)
FNDA:1,(anonymous_1)
FNDA:14,(anonymous_2)
FNDA:7,(anonymous_3)
DA:1,1
DA:6,9
DA:7,9
DA:11,1
DA:15,14
DA:19,7
DA:20,4
DA:21,4
DA:22,4
DA:23,4
DA:27,7
DA:28,5
DA:29,4
DA:33,1
LF:14
LH:14
BRDA:19,0,0,3
BRDA:19,0,1,4
BRDA:21,1,0,2
BRDA:21,1,1,2
BRDA:22,2,0,2
BRDA:22,2,1,2
BRDA:27,3,0,2
BRDA:27,3,1,5
BRDA:28,4,0,1
BRDA:28,4,1,4
BRF:10
BRH:10
end_of_record
TN:
SF:lib/transaction.js
FN:4,(anonymous_0)
FN:10,(anonymous_1)
FN:14,(anonymous_2)
FN:18,(anonymous_3)
FN:22,(anonymous_4)
FN:26,(anonymous_5)
FNF:6
FNH:6
FNDA:6,(anonymous_0)
FNDA:1,(anonymous_1)
FNDA:2,(anonymous_2)
FNDA:2,(anonymous_3)
FNDA:1,(anonymous_4)
FNDA:1,(anonymous_5)
DA:5,6
DA:6,6
DA:7,6
DA:11,1
DA:15,2
DA:19,2
DA:23,1
DA:27,1
DA:31,2
LF:9
LH:9
BRF:0
BRH:0
end_of_record
